{"level":"error","message":"Unexpected non-whitespace character after JSON at position 56 (line 4 column 2)","method":"POST","stack":"SyntaxError: Unexpected non-whitespace character after JSON at position 56 (line 4 column 2)\n    at JSON.parse (<anonymous>)\n    at parse (D:\\React-Backend\\BACKEND-PRODUCTION\\node_modules\\body-parser\\lib\\types\\json.js:72:19)\n    at D:\\React-Backend\\BACKEND-PRODUCTION\\node_modules\\body-parser\\lib\\read.js:162:18\n    at AsyncResource.runInAsyncScope (node:async_hooks:214:14)\n    at invokeCallback (D:\\React-Backend\\BACKEND-PRODUCTION\\node_modules\\raw-body\\index.js:238:16)\n    at done (D:\\React-Backend\\BACKEND-PRODUCTION\\node_modules\\raw-body\\index.js:227:7)\n    at IncomingMessage.onEnd (D:\\React-Backend\\BACKEND-PRODUCTION\\node_modules\\raw-body\\index.js:287:7)\n    at IncomingMessage.emit (node:events:518:28)\n    at endReadableNT (node:internal/streams/readable:1698:12)\n    at process.processTicksAndRejections (node:internal/process/task_queues:90:21)","timestamp":"2026-02-11 12:49:27","url":"/api/auth/register"}
{"level":"info","message":"POST /api/auth/register 201 163.386 ms","timestamp":"2026-02-11 12:52:05"}
{"level":"info","message":"POST /api/auth/login 200 106.015 ms","timestamp":"2026-02-11 12:52:20"}
{"level":"info","message":"POST /api/auth/login 200 90.049 ms","timestamp":"2026-02-11 12:53:12"}
{"level":"info","message":"POST /api/auth/login 200 88.369 ms","timestamp":"2026-02-11 12:53:12"}
{"level":"info","message":"POST /api/auth/login 200 102.138 ms","timestamp":"2026-02-11 12:53:12"}
{"level":"info","message":"POST /api/auth/login 429 0.530 ms","timestamp":"2026-02-11 12:53:12"}
{"level":"info","message":"POST /api/auth/login 429 0.482 ms","timestamp":"2026-02-11 12:53:12"}
{"level":"info","message":"POST /api/auth/login 429 0.544 ms","timestamp":"2026-02-11 12:53:13"}
{"level":"info","message":"POST /api/auth/login 429 0.978 ms","timestamp":"2026-02-11 12:53:13"}
{"level":"info","message":"POST /api/auth/login 429 1.107 ms","timestamp":"2026-02-11 12:53:13"}
{"level":"info","message":"POST /api/auth/login 429 0.489 ms","timestamp":"2026-02-11 12:53:13"}
{"level":"info","message":"POST /api/auth/login 429 0.612 ms","timestamp":"2026-02-11 12:53:13"}
{"level":"info","message":"POST /api/auth/login 429 0.588 ms","timestamp":"2026-02-11 12:53:25"}
{"level":"info","message":"POST /api/auth/login 429 0.839 ms","timestamp":"2026-02-11 12:53:25"}
{"level":"info","message":"POST /api/auth/login 429 0.396 ms","timestamp":"2026-02-11 12:53:25"}
{"level":"info","message":"POST /api/auth/login 429 0.704 ms","timestamp":"2026-02-11 12:53:25"}
{"level":"info","message":"POST /api/auth/login 429 0.393 ms","timestamp":"2026-02-11 12:53:25"}
{"level":"info","message":"POST /api/auth/login 429 0.368 ms","timestamp":"2026-02-11 12:53:25"}
{"level":"info","message":"POST /api/auth/login 429 0.341 ms","timestamp":"2026-02-11 12:53:26"}
{"level":"info","message":"POST /api/auth/login 429 0.716 ms","timestamp":"2026-02-11 12:53:26"}
{"level":"info","message":"POST /api/auth/login 429 0.311 ms","timestamp":"2026-02-11 12:53:26"}
{"level":"info","message":"POST /api/auth/login 429 0.515 ms","timestamp":"2026-02-11 12:53:26"}
{"level":"info","message":"POST /api/auth/login 429 0.413 ms","timestamp":"2026-02-11 12:53:26"}
{"level":"info","message":"POST /api/auth/login 429 0.367 ms","timestamp":"2026-02-11 12:53:26"}
{"level":"info","message":"POST /api/auth/login 429 0.502 ms","timestamp":"2026-02-11 12:53:27"}
{"level":"info","message":"POST /api/auth/login 429 0.634 ms","timestamp":"2026-02-11 12:53:27"}
{"level":"info","message":"POST /api/auth/login 429 0.513 ms","timestamp":"2026-02-11 12:53:27"}
{"level":"info","message":"POST /api/auth/login 429 0.364 ms","timestamp":"2026-02-11 12:53:27"}
{"level":"info","message":"POST /api/auth/login 429 0.518 ms","timestamp":"2026-02-11 12:53:27"}
{"level":"info","message":"POST /api/auth/login 429 0.530 ms","timestamp":"2026-02-11 12:53:28"}
{"level":"info","message":"POST /api/auth/login 429 0.784 ms","timestamp":"2026-02-11 12:53:28"}
{"level":"info","message":"POST /api/auth/login 429 0.398 ms","timestamp":"2026-02-11 12:53:31"}
{"level":"info","message":"POST /api/auth/login 429 0.412 ms","timestamp":"2026-02-11 12:53:39"}
{"level":"info","message":"POST /api/auth/login 429 0.735 ms","timestamp":"2026-02-11 12:53:48"}
{"level":"info","message":"POST /api/auth/login 200 118.923 ms","timestamp":"2026-02-11 12:54:03"}
{"level":"info","message":"POST /api/auth/login 200 163.095 ms","timestamp":"2026-02-11 13:38:00"}
{"level":"info","message":"POST /api/auth/login 200 121.960 ms","timestamp":"2026-02-11 13:42:06"}
{"level":"info","message":"POST /api-docs 200 1.361 ms","timestamp":"2026-02-11 13:42:40"}
{"level":"info","message":"GET /api/tasks 401 1.641 ms","timestamp":"2026-02-11 13:44:31"}
{"level":"info","message":"GET /api/tasks 200 74.655 ms","timestamp":"2026-02-11 13:44:51"}
{"level":"info","message":"GET /api-docs 301 5.813 ms","timestamp":"2026-02-11 13:46:26"}
{"level":"info","message":"GET /api-docs/ 200 5.261 ms","timestamp":"2026-02-11 13:46:26"}
{"level":"info","message":"GET /api-docs/swagger-ui-init.js 200 0.682 ms","timestamp":"2026-02-11 13:46:26"}
{"level":"info","message":"GET /api-docs/swagger-ui.css 200 56.277 ms","timestamp":"2026-02-11 13:46:26"}
{"level":"info","message":"GET /api-docs/swagger-ui-standalone-preset.js 200 85.356 ms","timestamp":"2026-02-11 13:46:26"}
{"level":"info","message":"GET /api-docs/swagger-ui-bundle.js 200 132.387 ms","timestamp":"2026-02-11 13:46:26"}
{"level":"info","message":"GET /api-docs/favicon-32x32.png 200 2.671 ms","timestamp":"2026-02-11 13:46:27"}
{"level":"info","message":"GET /api-docs/ 304 3.721 ms","timestamp":"2026-02-11 13:47:13"}
{"level":"info","message":"GET /api-docs/swagger-ui.css 304 1.648 ms","timestamp":"2026-02-11 13:47:13"}
{"level":"info","message":"GET /api-docs/swagger-ui-bundle.js 304 3.198 ms","timestamp":"2026-02-11 13:47:14"}
{"level":"info","message":"GET /api-docs/swagger-ui-standalone-preset.js 304 4.849 ms","timestamp":"2026-02-11 13:47:14"}
{"level":"info","message":"GET /api-docs/swagger-ui-init.js 304 0.765 ms","timestamp":"2026-02-11 13:47:14"}
{"level":"info","message":"GET /api-docs/favicon-32x32.png 304 0.935 ms","timestamp":"2026-02-11 13:47:14"}
{"level":"info","message":"POST /api/auth/login 200 137.087 ms","timestamp":"2026-02-11 13:49:13"}
{"level":"info","message":"GET /api-docs/ 304 3.698 ms","timestamp":"2026-02-11 13:49:52"}
{"level":"info","message":"GET /api-docs/swagger-ui-init.js 200 0.336 ms","timestamp":"2026-02-11 13:49:52"}
{"level":"info","message":"GET /api-docs/swagger-ui.css 304 23.283 ms","timestamp":"2026-02-11 13:49:52"}
{"level":"info","message":"GET /api-docs/swagger-ui-bundle.js 304 21.182 ms","timestamp":"2026-02-11 13:49:52"}
{"level":"info","message":"GET /api-docs/swagger-ui-standalone-preset.js 304 12.138 ms","timestamp":"2026-02-11 13:49:52"}
{"level":"info","message":"GET /api-docs/favicon-32x32.png 304 0.979 ms","timestamp":"2026-02-11 13:49:53"}
{"level":"info","message":"POST /api/auth/register 201 130.562 ms","timestamp":"2026-02-11 13:50:43"}
{"level":"info","message":"POST /api/auth/register 409 6.244 ms","timestamp":"2026-02-11 13:50:47"}
{"level":"info","message":"POST /api/auth/login 200 87.567 ms","timestamp":"2026-02-11 13:51:12"}
{"level":"info","message":"GET /api-docs/ 304 1.353 ms","timestamp":"2026-02-11 13:53:24"}
{"level":"info","message":"GET /api-docs/swagger-ui.css 304 1.240 ms","timestamp":"2026-02-11 13:53:24"}
{"level":"info","message":"GET /api-docs/swagger-ui-init.js 304 0.480 ms","timestamp":"2026-02-11 13:53:24"}
{"level":"info","message":"GET /api-docs/swagger-ui-bundle.js 304 5.544 ms","timestamp":"2026-02-11 13:53:24"}
{"level":"info","message":"GET /api-docs/swagger-ui-standalone-preset.js 304 6.859 ms","timestamp":"2026-02-11 13:53:24"}
{"level":"info","message":"POST /api/auth/login 200 164.288 ms","timestamp":"2026-02-11 17:58:28"}
{"level":"info","message":"GET /api/tasks 200 89.867 ms","timestamp":"2026-02-11 17:59:14"}
{"level":"error","message":{},"timestamp":"2026-02-11 18:03:19"}
{"level":"info","message":"GET /docs 500 5.996 ms","timestamp":"2026-02-11 18:03:19"}
{"level":"info","message":"GET /api-docs 301 2.598 ms","timestamp":"2026-02-11 18:03:32"}
{"level":"info","message":"GET /api-docs/ 200 1.647 ms","timestamp":"2026-02-11 18:03:32"}
{"level":"info","message":"GET /api-docs/swagger-ui-init.js 200 0.687 ms","timestamp":"2026-02-11 18:03:32"}
{"level":"info","message":"GET /api-docs/swagger-ui.css 200 114.307 ms","timestamp":"2026-02-11 18:03:32"}
{"level":"info","message":"GET /api-docs/swagger-ui-standalone-preset.js 200 110.404 ms","timestamp":"2026-02-11 18:03:32"}
{"level":"info","message":"GET /api-docs/swagger-ui-bundle.js 200 115.211 ms","timestamp":"2026-02-11 18:03:32"}
{"level":"info","message":"GET /api-docs/favicon-32x32.png 200 2.769 ms","timestamp":"2026-02-11 18:03:32"}
